-------------------------------------------------------------------------------
Test set: runner.webClickTest
-------------------------------------------------------------------------------
Tests run: 1, Failures: 1, Errors: 0, Skipped: 0, Time elapsed: 0.873 s <<< FAILURE! - in runner.webClickTest
runner.webClickTest.scenario["Web_Click_Test_Scenario", "Return_Weather_Details"](1)  Time elapsed: 0.018 s  <<< FAILURE!
java.lang.ClassFormatError: Class file version does not support constant tag 18 in class file automation/library/selenium/exec/driver/factory/DriverContext

